<?xml version="1.0" encoding="UTF-8"?>
<testsuite name="com.example.LearningNavigator.Service.StudentServiceTest" tests="4" skipped="0" failures="0" errors="0" timestamp="2024-06-14T20:06:25" hostname="LAPTOP-TNVP5DS7" time="1.311">
  <properties/>
  <testcase name="testGetAllStudentsServiceException()" classname="com.example.LearningNavigator.Service.StudentServiceTest" time="1.274"/>
  <testcase name="testGetStudentByIdNotFound()" classname="com.example.LearningNavigator.Service.StudentServiceTest" time="0.02"/>
  <testcase name="testGetAllStudents()" classname="com.example.LearningNavigator.Service.StudentServiceTest" time="0.006"/>
  <testcase name="testGetStudentById()" classname="com.example.LearningNavigator.Service.StudentServiceTest" time="0.004"/>
  <system-out><![CDATA[]]></system-out>
  <system-err><![CDATA[WARNING: A Java agent has been loaded dynamically (C:\Users\harsh\.gradle\caches\modules-2\files-2.1\net.bytebuddy\byte-buddy-agent\1.14.16\4a451ee6484abac3a498df0f3b33ed00a6fced4d\byte-buddy-agent-1.14.16.jar)
WARNING: If a serviceability tool is in use, please run with -XX:+EnableDynamicAgentLoading to hide this warning
WARNING: If a serviceability tool is not in use, please run with -Djdk.instrument.traceUsage for more information
WARNING: Dynamic loading of agents will be disallowed by default in a future release
]]></system-err>
</testsuite>
